Using pre-set license
Built from '2021.1/staging' branch; Version is '2021.1.20f1 (be552157821d) revision 12473633'; Using compiler version '192528614'; Build Type 'Release'
OS: 'Windows 10 Pro; OS build 19042.685; Version 2009; 64bit' Language: 'ru' Physical Memory: 4001 MB
BatchMode: 1, IsHumanControllingUs: 0, StartBugReporterOnCrash: 0, Is64bit: 1, IsPro: 0

COMMAND LINE ARGUMENTS:
C:\Program Files\Unity\Hub\Editor\2021.1.20f1\Editor\Unity.exe
-adb2
-batchMode
-noUpm
-name
AssetImportWorker9
-projectPath
C:/Users/1/Mypig/My pig
-logFile
Logs/AssetImportWorker9.log
-srvPort
58353
Successfully changed project path to: C:/Users/1/Mypig/My pig
C:/Users/1/Mypig/My pig
Using Asset Import Pipeline V2.
Refreshing native plugins compatible for Editor in 510.24 ms, found 4 plugins.
Preloading 0 native plugins for Editor in 0.00 ms.
Initialize engine version: 2021.1.20f1 (be552157821d)
[Subsystems] Discovering subsystems at path C:/Program Files/Unity/Hub/Editor/2021.1.20f1/Editor/Data/Resources/UnitySubsystems
[Subsystems] Discovering subsystems at path C:/Users/1/Mypig/My pig/Assets
GfxDevice: creating device client; threaded=0; jobified=0
Direct3D:
    Version:  Direct3D 11.0 [level 11.1]
    Renderer: Intel(R) HD Graphics (ID=0x22b1)
    Vendor:   Intel
    VRAM:     2000 MB
    Driver:   20.19.15.4568
Initialize mono
Mono path[0] = 'C:/Program Files/Unity/Hub/Editor/2021.1.20f1/Editor/Data/Managed'
Mono path[1] = 'C:/Program Files/Unity/Hub/Editor/2021.1.20f1/Editor/Data/MonoBleedingEdge/lib/mono/unityjit'
Mono config path = 'C:/Program Files/Unity/Hub/Editor/2021.1.20f1/Editor/Data/MonoBleedingEdge/etc'
Using monoOptions --debugger-agent=transport=dt_socket,embedding=1,server=y,suspend=n,address=127.0.0.1:56220
Begin MonoManager ReloadAssembly
Registering precompiled unity dll's ...
Register platform support module: C:/Program Files/Unity/Hub/Editor/2021.1.20f1/Editor/Data/PlaybackEngines/WindowsStandaloneSupport/UnityEditor.WindowsStandalone.Extensions.dll
Registered in 0.007167 seconds.
Native extension for WindowsStandalone target not found
Refreshing native plugins compatible for Editor in 500.14 ms, found 4 plugins.
Preloading 0 native plugins for Editor in 0.00 ms.
Mono: successfully reloaded assembly
- Completed reload, in  7.829 seconds
Domain Reload Profiling:
	ReloadAssembly (7830ms)
		BeginReloadAssembly (315ms)
			ExecutionOrderSort (0ms)
			DisableScriptedObjects (0ms)
			BackupInstance (0ms)
			ReleaseScriptingObjects (0ms)
			CreateAndSetChildDomain (3ms)
		EndReloadAssembly (2553ms)
			LoadAssemblies (307ms)
			RebuildTransferFunctionScriptingTraits (0ms)
			SetupTypeCache (904ms)
			ReleaseScriptCaches (0ms)
			RebuildScriptCaches (164ms)
			SetupLoadedEditorAssemblies (1245ms)
				LogAssemblyErrors (0ms)
				InitializePlatformSupportModulesInManaged (30ms)
				SetLoadedEditorAssemblies (1ms)
				RefreshPlugins (500ms)
				BeforeProcessingInitializeOnLoad (6ms)
				ProcessInitializeOnLoadAttributes (539ms)
				ProcessInitializeOnLoadMethodAttributes (167ms)
				AfterProcessingInitializeOnLoad (0ms)
				EditorAssembliesLoaded (1ms)
			ExecutionOrderSort2 (0ms)
			AwakeInstancesAfterBackupRestoration (0ms)
Platform modules already initialized, skipping
Registering precompiled user dll's ...
Registered in 0.020875 seconds.
Begin MonoManager ReloadAssembly
Symbol file LoadedFromMemory doesn't match image C:\Users\1\Mypig\My pig\Library\PackageCache\com.unity.visualscripting@1.6.1\Editor\VisualScripting.Core\Dependencies\YamlDotNet\Unity.VisualScripting.YamlDotNet.dll
Symbol file LoadedFromMemory doesn't match image C:\Users\1\Mypig\My pig\Library\PackageCache\com.unity.visualscripting@1.6.1\Editor\VisualScripting.Core\Dependencies\DotNetZip\Unity.VisualScripting.IonicZip.dll
Native extension for WindowsStandalone target not found
Refreshing native plugins compatible for Editor in 494.42 ms, found 4 plugins.
Preloading 0 native plugins for Editor in 0.00 ms.
Mono: successfully reloaded assembly
- Completed reload, in  7.200 seconds
Domain Reload Profiling:
	ReloadAssembly (7202ms)
		BeginReloadAssembly (813ms)
			ExecutionOrderSort (0ms)
			DisableScriptedObjects (25ms)
			BackupInstance (0ms)
			ReleaseScriptingObjects (1ms)
			CreateAndSetChildDomain (90ms)
		EndReloadAssembly (6083ms)
			LoadAssemblies (549ms)
			RebuildTransferFunctionScriptingTraits (0ms)
			SetupTypeCache (2211ms)
			ReleaseScriptCaches (2ms)
			RebuildScriptCaches (346ms)
			SetupLoadedEditorAssemblies (2449ms)
				LogAssemblyErrors (0ms)
				InitializePlatformSupportModulesInManaged (21ms)
				SetLoadedEditorAssemblies (2ms)
				RefreshPlugins (495ms)
				BeforeProcessingInitializeOnLoad (409ms)
				ProcessInitializeOnLoadAttributes (1393ms)
				ProcessInitializeOnLoadMethodAttributes (106ms)
				AfterProcessingInitializeOnLoad (23ms)
				EditorAssembliesLoaded (1ms)
			ExecutionOrderSort2 (0ms)
			AwakeInstancesAfterBackupRestoration (37ms)
Platform modules already initialized, skipping
========================================================================
Worker process is ready to serve import requests
Launched and connected shader compiler UnityShaderCompiler.exe after 0.34 seconds
Refreshing native plugins compatible for Editor in 4.23 ms, found 4 plugins.
Preloading 0 native plugins for Editor in 0.00 ms.
Unloading 4124 Unused Serialized files (Serialized files now loaded: 0)
System memory in use before: 158.5 MB.
System memory in use after: 158.7 MB.

Unloading 30 unused Assets to reduce memory usage. Loaded Objects now: 4575.
Total: 26.798300 ms (FindLiveObjects: 3.364700 ms CreateObjectMapping: 2.114400 ms MarkObjects: 21.035300 ms  DeleteObjects: 0.278800 ms)

AssetImportParameters requested are different than current active one (requested -> active):
  custom:framework-win-MediaFoundation: 216162199b28c13a410421893ffa2e32 -> 
  custom:video-decoder-ogg-theora: a1e56fd34408186e4bbccfd4996cb3dc -> 
  custom:container-muxer-webm: aa71ff27fc2769a1b78a27578f13a17b -> 
  custom:container-demuxer-webm: 4f35f7cbe854078d1ac9338744f61a02 -> 
  custom:container-demuxer-ogg: 62fdf1f143b41e24485cea50d1cbac27 -> 
  custom:video-encoder-webm-vp8: eb34c28f22e8b96e1ab97ce403110664 -> 
  custom:video-decoder-webm-vp8: 9c59270c3fd7afecdb556c50c9e8de78 -> 
  custom:audio-decoder-ogg-vorbis: bf7c407c2cedff20999df2af8eb42d56 -> 
  custom:audio-encoder-webm-vorbis: bf7c407c2cedff20999df2af8eb42d56 -> 
========================================================================
Received Import Request.
  path: Assets/MilkyNice.ttf
  artifactKey: Guid(077d22ff9cc8e2b48be7234d2c38e525) Importer(815301076,1909f56bfc062723c751e8b465ee728b)
Start importing Assets/MilkyNice.ttf using Guid(077d22ff9cc8e2b48be7234d2c38e525) Importer(815301076,1909f56bfc062723c751e8b465ee728b)  -> (artifact id: '2d720a3abb9f6fad3b1f775a0c41cea6') in 0.662098 seconds 
========================================================================
Received Import Request.
  Time since last request: 0.000907 seconds.
  path: Assets/GameMusic_mixdown.mp3
  artifactKey: Guid(6c7b5d2bc231994498329896fc5b3717) Importer(815301076,1909f56bfc062723c751e8b465ee728b)
Start importing Assets/GameMusic_mixdown.mp3 using Guid(6c7b5d2bc231994498329896fc5b3717) Importer(815301076,1909f56bfc062723c751e8b465ee728b)  -> (artifact id: '07066d79fa95a901ceada224b895d593') in 0.278906 seconds 
========================================================================
Received Import Request.
  Time since last request: 390.117365 seconds.
  path: Assets/A4.png
  artifactKey: Guid(e1d8904a9f1302c42a24c72851fa5709) Importer(815301076,1909f56bfc062723c751e8b465ee728b)
Start importing Assets/A4.png using Guid(e1d8904a9f1302c42a24c72851fa5709) Importer(815301076,1909f56bfc062723c751e8b465ee728b)  -> (artifact id: '914b1757e515acfbbffb7aa48d202979') in 0.210464 seconds 
========================================================================
Received Import Request.
  Time since last request: 0.000943 seconds.
  path: Assets/A.png
  artifactKey: Guid(ade397e728049134da9ac698c98f0470) Importer(815301076,1909f56bfc062723c751e8b465ee728b)
Start importing Assets/A.png using Guid(ade397e728049134da9ac698c98f0470) Importer(815301076,1909f56bfc062723c751e8b465ee728b)  -> (artifact id: '8eade86ba5800a3344818279ec63d519') in 0.199818 seconds 
========================================================================
Received Import Request.
  Time since last request: 0.001031 seconds.
  path: Assets/A3.png
  artifactKey: Guid(5bf4abd09ccb32c45b1b645acc682299) Importer(815301076,1909f56bfc062723c751e8b465ee728b)
Start importing Assets/A3.png using Guid(5bf4abd09ccb32c45b1b645acc682299) Importer(815301076,1909f56bfc062723c751e8b465ee728b)  -> (artifact id: '62904e02740f16158578b1439170646b') in 0.078644 seconds 
========================================================================
Received Import Request.
  Time since last request: 0.000896 seconds.
  path: Assets/Button.prefab
  artifactKey: Guid(c2c6de71016ee084985b9e9286311e3e) Importer(815301076,1909f56bfc062723c751e8b465ee728b)
Start importing Assets/Button.prefab using Guid(c2c6de71016ee084985b9e9286311e3e) Importer(815301076,1909f56bfc062723c751e8b465ee728b)  -> (artifact id: '4ee190e243ee9ca87f613485e70b7fdb') in 0.270073 seconds 
========================================================================
Received Import Request.
  Time since last request: 0.001090 seconds.
  path: Assets/A2.png
  artifactKey: Guid(de88d2506d72ffe4794e6df4bdf3583b) Importer(815301076,1909f56bfc062723c751e8b465ee728b)
Start importing Assets/A2.png using Guid(de88d2506d72ffe4794e6df4bdf3583b) Importer(815301076,1909f56bfc062723c751e8b465ee728b)  -> (artifact id: '0cb869c84f97e33f98ff329f63dc3d0d') in 0.068127 seconds 
========================================================================
Received Import Request.
  Time since last request: 0.000968 seconds.
  path: Assets/blue.mat
  artifactKey: Guid(9f9da2ec909086a4293817498d1940ef) Importer(815301076,1909f56bfc062723c751e8b465ee728b)
Start importing Assets/blue.mat using Guid(9f9da2ec909086a4293817498d1940ef) Importer(815301076,1909f56bfc062723c751e8b465ee728b)  -> (artifact id: '4aae31a553e389114352b8f42d6efc30') in 0.412667 seconds 
========================================================================
Received Import Request.
  Time since last request: 0.000855 seconds.
  path: Assets/A1.png
  artifactKey: Guid(48122f4bf196dfe4b9a66f5991b306cb) Importer(815301076,1909f56bfc062723c751e8b465ee728b)
Start importing Assets/A1.png using Guid(48122f4bf196dfe4b9a66f5991b306cb) Importer(815301076,1909f56bfc062723c751e8b465ee728b)  -> (artifact id: '0d480748cc665042768b62fe5d9868ea') in 0.072371 seconds 
========================================================================
Received Import Request.
  Time since last request: 0.000941 seconds.
  path: Assets/end.mat
  artifactKey: Guid(f97f6c7c8aa10aa4f89a775123396855) Importer(815301076,1909f56bfc062723c751e8b465ee728b)
Start importing Assets/end.mat using Guid(f97f6c7c8aa10aa4f89a775123396855) Importer(815301076,1909f56bfc062723c751e8b465ee728b)  -> (artifact id: 'f0ee83bf9db3d3231f4729b5e9cbf4a6') in 0.080208 seconds 
========================================================================
Received Import Request.
  Time since last request: 22.404934 seconds.
  path: Assets/Standard Assets
  artifactKey: Guid(c6195a43a0187a34e9c6be23520d3766) Importer(815301076,1909f56bfc062723c751e8b465ee728b)
Start importing Assets/Standard Assets using Guid(c6195a43a0187a34e9c6be23520d3766) Importer(815301076,1909f56bfc062723c751e8b465ee728b)  -> (artifact id: '4ec5e0483a686bb121869a0f691033bb') in 0.028930 seconds 
========================================================================
Received Import Request.
  Time since last request: 2.796585 seconds.
  path: Assets/Standard Assets/CrossPlatformInput
  artifactKey: Guid(710bc43f80d178548bd226c252c8e65b) Importer(815301076,1909f56bfc062723c751e8b465ee728b)
Start importing Assets/Standard Assets/CrossPlatformInput using Guid(710bc43f80d178548bd226c252c8e65b) Importer(815301076,1909f56bfc062723c751e8b465ee728b)  -> (artifact id: 'dbbca9b9e48aafcfe3b06a0dddd7fc9b') in 0.025989 seconds 
========================================================================
Received Import Request.
  Time since last request: 9.183217 seconds.
  path: Assets/Standard Assets/CrossPlatformInput/Scripts
  artifactKey: Guid(3f66eeca8ac36914e9ec9a716a9d9f73) Importer(815301076,1909f56bfc062723c751e8b465ee728b)
Start importing Assets/Standard Assets/CrossPlatformInput/Scripts using Guid(3f66eeca8ac36914e9ec9a716a9d9f73) Importer(815301076,1909f56bfc062723c751e8b465ee728b)  -> (artifact id: '27fb53f0259fa282b7d7c6902c468ded') in 0.026298 seconds 
========================================================================
Received Import Request.
  Time since last request: 4.076983 seconds.
  path: Assets/Standard Assets/CrossPlatformInput/Scripts/MobileControlRig.cs
  artifactKey: Guid(71398ce7fbc3a5b4fa50b50bd54317a7) Importer(815301076,1909f56bfc062723c751e8b465ee728b)
Start importing Assets/Standard Assets/CrossPlatformInput/Scripts/MobileControlRig.cs using Guid(71398ce7fbc3a5b4fa50b50bd54317a7) Importer(815301076,1909f56bfc062723c751e8b465ee728b)  -> (artifact id: '38d532e1aca32815579ed25b7467428d') in 0.076859 seconds 
