Using pre-set license
Built from '2021.1/staging' branch; Version is '2021.1.20f1 (be552157821d) revision 12473633'; Using compiler version '192528614'; Build Type 'Release'
OS: 'Windows 10 Pro; OS build 19042.685; Version 2009; 64bit' Language: 'ru' Physical Memory: 4001 MB
BatchMode: 1, IsHumanControllingUs: 0, StartBugReporterOnCrash: 0, Is64bit: 1, IsPro: 0

COMMAND LINE ARGUMENTS:
C:\Program Files\Unity\Hub\Editor\2021.1.20f1\Editor\Unity.exe
-adb2
-batchMode
-noUpm
-name
AssetImportWorker1
-projectPath
C:/Users/1/Mypig/My pig
-logFile
Logs/AssetImportWorker1.log
-srvPort
49682
Successfully changed project path to: C:/Users/1/Mypig/My pig
C:/Users/1/Mypig/My pig
Using Asset Import Pipeline V2.
Refreshing native plugins compatible for Editor in 542.67 ms, found 4 plugins.
Preloading 0 native plugins for Editor in 0.00 ms.
Initialize engine version: 2021.1.20f1 (be552157821d)
[Subsystems] Discovering subsystems at path C:/Program Files/Unity/Hub/Editor/2021.1.20f1/Editor/Data/Resources/UnitySubsystems
[Subsystems] Discovering subsystems at path C:/Users/1/Mypig/My pig/Assets
GfxDevice: creating device client; threaded=0; jobified=0
Direct3D:
    Version:  Direct3D 11.0 [level 11.1]
    Renderer: Intel(R) HD Graphics (ID=0x22b1)
    Vendor:   Intel
    VRAM:     2000 MB
    Driver:   20.19.15.4568
Initialize mono
Mono path[0] = 'C:/Program Files/Unity/Hub/Editor/2021.1.20f1/Editor/Data/Managed'
Mono path[1] = 'C:/Program Files/Unity/Hub/Editor/2021.1.20f1/Editor/Data/MonoBleedingEdge/lib/mono/unityjit'
Mono config path = 'C:/Program Files/Unity/Hub/Editor/2021.1.20f1/Editor/Data/MonoBleedingEdge/etc'
Using monoOptions --debugger-agent=transport=dt_socket,embedding=1,server=y,suspend=n,address=127.0.0.1:56128
Begin MonoManager ReloadAssembly
Registering precompiled unity dll's ...
Register platform support module: C:/Program Files/Unity/Hub/Editor/2021.1.20f1/Editor/Data/PlaybackEngines/WindowsStandaloneSupport/UnityEditor.WindowsStandalone.Extensions.dll
Registered in 0.007576 seconds.
Native extension for WindowsStandalone target not found
Refreshing native plugins compatible for Editor in 522.00 ms, found 4 plugins.
Preloading 0 native plugins for Editor in 0.00 ms.
Mono: successfully reloaded assembly
- Completed reload, in  8.148 seconds
Domain Reload Profiling:
	ReloadAssembly (8149ms)
		BeginReloadAssembly (347ms)
			ExecutionOrderSort (0ms)
			DisableScriptedObjects (0ms)
			BackupInstance (0ms)
			ReleaseScriptingObjects (0ms)
			CreateAndSetChildDomain (3ms)
		EndReloadAssembly (2575ms)
			LoadAssemblies (338ms)
			RebuildTransferFunctionScriptingTraits (0ms)
			SetupTypeCache (891ms)
			ReleaseScriptCaches (0ms)
			RebuildScriptCaches (161ms)
			SetupLoadedEditorAssemblies (1283ms)
				LogAssemblyErrors (0ms)
				InitializePlatformSupportModulesInManaged (31ms)
				SetLoadedEditorAssemblies (1ms)
				RefreshPlugins (522ms)
				BeforeProcessingInitializeOnLoad (6ms)
				ProcessInitializeOnLoadAttributes (552ms)
				ProcessInitializeOnLoadMethodAttributes (169ms)
				AfterProcessingInitializeOnLoad (0ms)
				EditorAssembliesLoaded (1ms)
			ExecutionOrderSort2 (0ms)
			AwakeInstancesAfterBackupRestoration (0ms)
Platform modules already initialized, skipping
Registering precompiled user dll's ...
Registered in 0.021873 seconds.
Begin MonoManager ReloadAssembly
Symbol file LoadedFromMemory doesn't match image C:\Users\1\Mypig\My pig\Library\PackageCache\com.unity.visualscripting@1.6.1\Editor\VisualScripting.Core\Dependencies\YamlDotNet\Unity.VisualScripting.YamlDotNet.dll
Symbol file LoadedFromMemory doesn't match image C:\Users\1\Mypig\My pig\Library\PackageCache\com.unity.visualscripting@1.6.1\Editor\VisualScripting.Core\Dependencies\DotNetZip\Unity.VisualScripting.IonicZip.dll
Native extension for WindowsStandalone target not found
Refreshing native plugins compatible for Editor in 517.38 ms, found 4 plugins.
Preloading 0 native plugins for Editor in 0.00 ms.
Mono: successfully reloaded assembly
- Completed reload, in  7.062 seconds
Domain Reload Profiling:
	ReloadAssembly (7065ms)
		BeginReloadAssembly (825ms)
			ExecutionOrderSort (0ms)
			DisableScriptedObjects (24ms)
			BackupInstance (0ms)
			ReleaseScriptingObjects (1ms)
			CreateAndSetChildDomain (92ms)
		EndReloadAssembly (5935ms)
			LoadAssemblies (554ms)
			RebuildTransferFunctionScriptingTraits (0ms)
			SetupTypeCache (2114ms)
			ReleaseScriptCaches (2ms)
			RebuildScriptCaches (342ms)
			SetupLoadedEditorAssemblies (2421ms)
				LogAssemblyErrors (0ms)
				InitializePlatformSupportModulesInManaged (21ms)
				SetLoadedEditorAssemblies (1ms)
				RefreshPlugins (518ms)
				BeforeProcessingInitializeOnLoad (382ms)
				ProcessInitializeOnLoadAttributes (1368ms)
				ProcessInitializeOnLoadMethodAttributes (107ms)
				AfterProcessingInitializeOnLoad (23ms)
				EditorAssembliesLoaded (1ms)
			ExecutionOrderSort2 (0ms)
			AwakeInstancesAfterBackupRestoration (38ms)
Platform modules already initialized, skipping
========================================================================
Worker process is ready to serve import requests
Launched and connected shader compiler UnityShaderCompiler.exe after 0.30 seconds
Refreshing native plugins compatible for Editor in 4.24 ms, found 4 plugins.
Preloading 0 native plugins for Editor in 0.00 ms.
Unloading 4123 Unused Serialized files (Serialized files now loaded: 0)
System memory in use before: 159.3 MB.
System memory in use after: 159.6 MB.

Unloading 30 unused Assets to reduce memory usage. Loaded Objects now: 4575.
Total: 19.020000 ms (FindLiveObjects: 2.793500 ms CreateObjectMapping: 1.179900 ms MarkObjects: 14.668000 ms  DeleteObjects: 0.372800 ms)

AssetImportParameters requested are different than current active one (requested -> active):
  custom:framework-win-MediaFoundation: 216162199b28c13a410421893ffa2e32 -> 
  custom:video-decoder-ogg-theora: a1e56fd34408186e4bbccfd4996cb3dc -> 
  custom:container-muxer-webm: aa71ff27fc2769a1b78a27578f13a17b -> 
  custom:container-demuxer-webm: 4f35f7cbe854078d1ac9338744f61a02 -> 
  custom:container-demuxer-ogg: 62fdf1f143b41e24485cea50d1cbac27 -> 
  custom:video-encoder-webm-vp8: eb34c28f22e8b96e1ab97ce403110664 -> 
  custom:video-decoder-webm-vp8: 9c59270c3fd7afecdb556c50c9e8de78 -> 
  custom:audio-decoder-ogg-vorbis: bf7c407c2cedff20999df2af8eb42d56 -> 
  custom:audio-encoder-webm-vorbis: bf7c407c2cedff20999df2af8eb42d56 -> 
========================================================================
Received Import Request.
  path: Assets/Man.prefab
  artifactKey: Guid(1c0eb30f4ced71b4da41749006a036ab) Importer(815301076,1909f56bfc062723c751e8b465ee728b)
Start importing Assets/Man.prefab using Guid(1c0eb30f4ced71b4da41749006a036ab) Importer(815301076,1909f56bfc062723c751e8b465ee728b)  -> (artifact id: '09055713021f8a3cc2a40ee4d99bac99') in 1.302704 seconds 
========================================================================
Received Import Request.
  Time since last request: 0.002234 seconds.
  path: Assets/MilkyNice.ttf
  artifactKey: Guid(077d22ff9cc8e2b48be7234d2c38e525) Importer(815301076,1909f56bfc062723c751e8b465ee728b)
Start importing Assets/MilkyNice.ttf using Guid(077d22ff9cc8e2b48be7234d2c38e525) Importer(815301076,1909f56bfc062723c751e8b465ee728b)  -> (artifact id: 'a5727a0eb4c14bb16bc6fc0baa98d51f') in 0.289244 seconds 
========================================================================
Received Import Request.
  Time since last request: 0.000938 seconds.
  path: Assets/red.mat
  artifactKey: Guid(d0a8ee6a9082380419f44f7e02e2ba82) Importer(815301076,1909f56bfc062723c751e8b465ee728b)
Start importing Assets/red.mat using Guid(d0a8ee6a9082380419f44f7e02e2ba82) Importer(815301076,1909f56bfc062723c751e8b465ee728b)  -> (artifact id: 'cbe542905375306a7431a888d25a7e2c') in 0.116682 seconds 
========================================================================
Received Import Request.
  Time since last request: 0.000969 seconds.
  path: Assets/seri.mat
  artifactKey: Guid(bb2c7c5f44d5c9c40ae5e6855439152f) Importer(815301076,1909f56bfc062723c751e8b465ee728b)
Start importing Assets/seri.mat using Guid(bb2c7c5f44d5c9c40ae5e6855439152f) Importer(815301076,1909f56bfc062723c751e8b465ee728b)  -> (artifact id: '8f0cd2a4e54abfb7db8a5b1c63101671') in 0.086588 seconds 
========================================================================
Received Import Request.
  Time since last request: 0.000910 seconds.
  path: Assets/PikachuM.FBX
  artifactKey: Guid(173dcd60261eed64fade772eb383a98c) Importer(815301076,1909f56bfc062723c751e8b465ee728b)
Start importing Assets/PikachuM.FBX using Guid(173dcd60261eed64fade772eb383a98c) Importer(815301076,1909f56bfc062723c751e8b465ee728b)  -> (artifact id: '2c305ae3f6536dd14cf48e40cf728166') in 0.384340 seconds 
========================================================================
Received Import Request.
  Time since last request: 0.000882 seconds.
  path: Assets/PikachuModel.prefab
  artifactKey: Guid(79411c15b7804ef4c890f2f0d596c535) Importer(815301076,1909f56bfc062723c751e8b465ee728b)
Start importing Assets/PikachuModel.prefab using Guid(79411c15b7804ef4c890f2f0d596c535) Importer(815301076,1909f56bfc062723c751e8b465ee728b)  -> (artifact id: '0d68e62a7382c8ff83d2b9f657f4ce2d') in 0.314688 seconds 
========================================================================
Received Import Request.
  Time since last request: 0.000930 seconds.
  path: Assets/PokemonCharmander.fbx
  artifactKey: Guid(ab00730249145b346a5fab8a13364b0c) Importer(815301076,1909f56bfc062723c751e8b465ee728b)
Start importing Assets/PokemonCharmander.fbx using Guid(ab00730249145b346a5fab8a13364b0c) Importer(815301076,1909f56bfc062723c751e8b465ee728b)  -> (artifact id: '023f21103382d9ff19158878d57dd194') in 0.188320 seconds 
========================================================================
Received Import Request.
  Time since last request: 597.473429 seconds.
  path: Assets/GameMusic_mixdown.mp3
  artifactKey: Guid(6c7b5d2bc231994498329896fc5b3717) Importer(815301076,1909f56bfc062723c751e8b465ee728b)
Start importing Assets/GameMusic_mixdown.mp3 using Guid(6c7b5d2bc231994498329896fc5b3717) Importer(815301076,1909f56bfc062723c751e8b465ee728b)  -> (artifact id: '50c4df8e5b8c188c78b3d358d078b0b3') in 4.129056 seconds 
========================================================================
Received Import Request.
  Time since last request: 0.000979 seconds.
  path: Assets/green.mat
  artifactKey: Guid(370509adb128c9946b474ae5ce4b24d7) Importer(815301076,1909f56bfc062723c751e8b465ee728b)
Start importing Assets/green.mat using Guid(370509adb128c9946b474ae5ce4b24d7) Importer(815301076,1909f56bfc062723c751e8b465ee728b)  -> (artifact id: '93f901ba19a533492849a9a6e8b93a55') in 0.125476 seconds 
========================================================================
Received Import Request.
  Time since last request: 0.001387 seconds.
  path: Assets/Move.cs
  artifactKey: Guid(788ae5f175333ed4b94043b5e9036630) Importer(815301076,1909f56bfc062723c751e8b465ee728b)
Start importing Assets/Move.cs using Guid(788ae5f175333ed4b94043b5e9036630) Importer(815301076,1909f56bfc062723c751e8b465ee728b)  -> (artifact id: '99d021c74221ceb9b8acc9369e48e1de') in 0.059110 seconds 
